<?xml version="1.0" encoding="UTF-8"?>
<!-- Generated by org.testng.reporters.JUnitReportReporter -->
<testsuite hostname="MAHENDAR" name="scripts.TC_01_VerifyValidLogin" tests="1" failures="0" timestamp="2 Oct 2016 14:05:46 GMT" time="42.950" errors="0">
  <testcase name="testValidLogin" time="42.950" classname="scripts.TC_01_VerifyValidLogin"/>
</testsuite> <!-- scripts.TC_01_VerifyValidLogin -->
